#
# There is insufficient memory for the Java Runtime Environment to continue.
# Native memory allocation (malloc) failed to allocate 32744 bytes for ChunkPool::allocate
# Possible reasons:
#   The system is out of physical RAM or swap space
#   In 32 bit mode, the process size limit was hit
# Possible solutions:
#   Reduce memory load on the system
#   Increase physical memory or swap space
#   Check if swap backing store is full
#   Use 64 bit Java on a 64 bit OS
#   Decrease Java heap size (-Xmx/-Xms)
#   Decrease number of Java threads
#   Decrease Java thread stack sizes (-Xss)
#   Set larger code cache with -XX:ReservedCodeCacheSize=
# This output file may be truncated or incomplete.
#
#  Out of Memory Error (allocation.cpp:273), pid=16136, tid=0x0000000000003e74
#
# JRE version: Java(TM) SE Runtime Environment (8.0_112-b15) (build 1.8.0_112-b15)
# Java VM: Java HotSpot(TM) 64-Bit Server VM (25.112-b15 mixed mode windows-amd64 compressed oops)
# Failed to write core dump. Minidumps are not enabled by default on client versions of Windows
#

---------------  T H R E A D  ---------------

Current thread (0x000000001b726800):  JavaThread "C2 CompilerThread1" daemon [_thread_in_native, id=15988, stack(0x000000001c020000,0x000000001c120000)]

Stack: [0x000000001c020000,0x000000001c120000]
[error occurred during error reporting (printing stack bounds), id 0xc0000005]

Native frames: (J=compiled Java code, j=interpreted, Vv=VM code, C=native code)


Current CompileTask:
C2:   8274 3398       4       org.springframework.core.annotation.AnnotationsScanner::processClassHierarchy (214 bytes)


---------------  P R O C E S S  ---------------

Java Threads: ( => current thread )
  0x0000000020288800 JavaThread "mysql-cj-abandoned-connection-cleanup" daemon [_thread_blocked, id=17076, stack(0x000000001e4a0000,0x000000001e5a0000)]
  0x000000001b7b0800 JavaThread "Service Thread" daemon [_thread_blocked, id=14272, stack(0x000000001c220000,0x000000001c320000)]
  0x000000001b72b800 JavaThread "C1 CompilerThread2" daemon [_thread_blocked, id=188, stack(0x000000001c120000,0x000000001c220000)]
=>0x000000001b726800 JavaThread "C2 CompilerThread1" daemon [_thread_in_native, id=15988, stack(0x000000001c020000,0x000000001c120000)]
  0x000000001b73b000 JavaThread "C2 CompilerThread0" daemon [_thread_in_native, id=8064, stack(0x000000001bf20000,0x000000001c020000)]
  0x00000000196bd800 JavaThread "JDWP Command Reader" daemon [_thread_in_native, id=11260, stack(0x000000001b220000,0x000000001b320000)]
  0x00000000196bc000 JavaThread "JDWP Event Helper Thread" daemon [_thread_blocked, id=17236, stack(0x000000001b120000,0x000000001b220000)]
  0x00000000196af000 JavaThread "JDWP Transport Listener: dt_socket" daemon [_thread_blocked, id=17360, stack(0x000000001b020000,0x000000001b120000)]
  0x00000000196a0800 JavaThread "Attach Listener" daemon [_thread_blocked, id=16728, stack(0x000000001abe0000,0x000000001ace0000)]
  0x00000000196aa000 JavaThread "Signal Dispatcher" daemon [_thread_blocked, id=4952, stack(0x000000001aae0000,0x000000001abe0000)]
  0x000000001968a000 JavaThread "Finalizer" daemon [_thread_blocked, id=16252, stack(0x000000001a900000,0x000000001aa00000)]
  0x00000000025b4000 JavaThread "Reference Handler" daemon [_thread_blocked, id=14808, stack(0x000000001a800000,0x000000001a900000)]
  0x00000000024c5800 JavaThread "main" [_thread_in_Java, id=17012, stack(0x0000000002250000,0x0000000002350000)]

Other Threads:
  0x0000000019667800 VMThread [stack: 0x000000001a700000,0x000000001a800000] [id=6824]
  0x000000001b839800 WatcherThread [stack: 0x000000001c320000,0x000000001c420000] [id=17024]

VM state:not at safepoint (normal execution)

VM Mutex/Monitor currently owned by a thread: None

Heap:
 PSYoungGen      total 275456K, used 35375K [0x0000000780580000, 0x0000000794b80000, 0x00000007c0000000)
  eden space 265216K, 13% used [0x0000000780580000,0x000000078280bf00,0x0000000790880000)
  from space 10240K, 0% used [0x0000000791380000,0x0000000791380000,0x0000000791d80000)
  to   space 11264K, 0% used [0x0000000790880000,0x0000000790880000,0x0000000791380000)
 ParOldGen       total 70144K, used 13131K [0x0000000701000000, 0x0000000705480000, 0x0000000780580000)
  object space 70144K, 18% used [0x0000000701000000,0x0000000701cd2df8,0x0000000705480000)
 Metaspace       used 35836K, capacity 37666K, committed 37848K, reserved 1081344K
  class space    used 4721K, capacity 5078K, committed 5120K, reserved 1048576K

Card table byte_map: [0x0000000011980000,0x0000000011f80000] byte_map_base: 0x000000000e178000

Marking Bits: (ParMarkBitMap*) 0x000000006eb9a6d0
 Begin Bits: [0x0000000012780000, 0x0000000015740000)
 End Bits:   [0x0000000015740000, 0x0000000018700000)

Polling page: 0x00000000021f0000

CodeCache: size=245760Kb used=13344Kb max_used=13414Kb free=232415Kb
 bounds [0x00000000025c0000, 0x00000000032f0000, 0x00000000115c0000]
 total_blobs=3793 nmethods=3401 adapters=312
 compilation: enabled

Compilation events (10 events):
Event: 7.828 Thread 0x000000001b72b800 3513       2       java.util.zip.ZipCoder::toString (190 bytes)
Event: 7.830 Thread 0x000000001b72b800 nmethod 3513 0x0000000002794650 code [0x0000000002794900, 0x0000000002795658]
Event: 7.868 Thread 0x000000001b72b800 3514   !   2       java.net.URL::<init> (543 bytes)
Event: 7.871 Thread 0x000000001b72b800 nmethod 3514 0x00000000027b4d50 code [0x00000000027b5120, 0x00000000027b7e58]
Event: 7.893 Thread 0x000000001b72b800 3515       2       java.util.Locale::hashCode (41 bytes)
Event: 7.893 Thread 0x000000001b72b800 nmethod 3515 0x00000000028fa9d0 code [0x00000000028fab40, 0x00000000028fad38]
Event: 7.986 Thread 0x000000001b72b800 3516       2       org.eclipse.jdt.launching.internal.org.objectweb.asm.MethodWriter::visitTableSwitchInsn (120 bytes)
Event: 7.987 Thread 0x000000001b72b800 nmethod 3516 0x00000000026fe4d0 code [0x00000000026fe6a0, 0x00000000026fea88]
Event: 8.020 Thread 0x000000001b72b800 3517       1       java.net.URLClassLoader::access$200 (5 bytes)
Event: 8.020 Thread 0x000000001b72b800 nmethod 3517 0x0000000002702610 code [0x0000000002702760, 0x0000000002702850]

GC Heap History (10 events):
Event: 3.038 GC heap before
{Heap before GC invocations=6 (full 1):
 PSYoungGen      total 106496K, used 5650K [0x0000000780580000, 0x000000078d380000, 0x00000007c0000000)
  eden space 98304K, 0% used [0x0000000780580000,0x0000000780580000,0x0000000786580000)
  from space 8192K, 68% used [0x0000000786580000,0x0000000786b04ba8,0x0000000786d80000)
  to   space 7168K, 0% used [0x000000078cc80000,0x000000078cc80000,0x000000078d380000)
 ParOldGen       total 131072K, used 40K [0x0000000701000000, 0x0000000709000000, 0x0000000780580000)
  object space 131072K, 0% used [0x0000000701000000,0x000000070100a000,0x0000000709000000)
 Metaspace       used 20541K, capacity 21120K, committed 21248K, reserved 1067008K
  class space    used 2599K, capacity 2765K, committed 2816K, reserved 1048576K
Event: 3.084 GC heap after
Heap after GC invocations=6 (full 1):
 PSYoungGen      total 106496K, used 0K [0x0000000780580000, 0x000000078d380000, 0x00000007c0000000)
  eden space 98304K, 0% used [0x0000000780580000,0x0000000780580000,0x0000000786580000)
  from space 8192K, 0% used [0x0000000786580000,0x0000000786580000,0x0000000786d80000)
  to   space 7168K, 0% used [0x000000078cc80000,0x000000078cc80000,0x000000078d380000)
 ParOldGen       total 70144K, used 5473K [0x0000000701000000, 0x0000000705480000, 0x0000000780580000)
  object space 70144K, 7% used [0x0000000701000000,0x0000000701558780,0x0000000705480000)
 Metaspace       used 20541K, capacity 21120K, committed 21248K, reserved 1067008K
  class space    used 2599K, capacity 2765K, committed 2816K, reserved 1048576K
}
Event: 3.970 GC heap before
{Heap before GC invocations=7 (full 1):
 PSYoungGen      total 106496K, used 98304K [0x0000000780580000, 0x000000078d380000, 0x00000007c0000000)
  eden space 98304K, 100% used [0x0000000780580000,0x0000000786580000,0x0000000786580000)
  from space 8192K, 0% used [0x0000000786580000,0x0000000786580000,0x0000000786d80000)
  to   space 7168K, 0% used [0x000000078cc80000,0x000000078cc80000,0x000000078d380000)
 ParOldGen       total 70144K, used 5473K [0x0000000701000000, 0x0000000705480000, 0x0000000780580000)
  object space 70144K, 7% used [0x0000000701000000,0x0000000701558780,0x0000000705480000)
 Metaspace       used 23316K, capacity 24068K, committed 24192K, reserved 1071104K
  class space    used 2975K, capacity 3157K, committed 3200K, reserved 1048576K
Event: 3.989 GC heap after
Heap after GC invocations=7 (full 1):
 PSYoungGen      total 168960K, used 4283K [0x0000000780580000, 0x000000078d100000, 0x00000007c0000000)
  eden space 164352K, 0% used [0x0000000780580000,0x0000000780580000,0x000000078a600000)
  from space 4608K, 92% used [0x000000078cc80000,0x000000078d0aede0,0x000000078d100000)
  to   space 7168K, 0% used [0x000000078c300000,0x000000078c300000,0x000000078ca00000)
 ParOldGen       total 70144K, used 5473K [0x0000000701000000, 0x0000000705480000, 0x0000000780580000)
  object space 70144K, 7% used [0x0000000701000000,0x0000000701558780,0x0000000705480000)
 Metaspace       used 23316K, capacity 24068K, committed 24192K, reserved 1071104K
  class space    used 2975K, capacity 3157K, committed 3200K, reserved 1048576K
}
Event: 6.951 GC heap before
{Heap before GC invocations=8 (full 1):
 PSYoungGen      total 168960K, used 168635K [0x0000000780580000, 0x000000078d100000, 0x00000007c0000000)
  eden space 164352K, 100% used [0x0000000780580000,0x000000078a600000,0x000000078a600000)
  from space 4608K, 92% used [0x000000078cc80000,0x000000078d0aede0,0x000000078d100000)
  to   space 7168K, 0% used [0x000000078c300000,0x000000078c300000,0x000000078ca00000)
 ParOldGen       total 70144K, used 5473K [0x0000000701000000, 0x0000000705480000, 0x0000000780580000)
  object space 70144K, 7% used [0x0000000701000000,0x0000000701558780,0x0000000705480000)
 Metaspace       used 31000K, capacity 32642K, committed 32896K, reserved 1077248K
  class space    used 4060K, capacity 4362K, committed 4480K, reserved 1048576K
Event: 6.971 GC heap after
Heap after GC invocations=8 (full 1):
 PSYoungGen      total 201216K, used 7156K [0x0000000780580000, 0x0000000791d80000, 0x00000007c0000000)
  eden space 194048K, 0% used [0x0000000780580000,0x0000000780580000,0x000000078c300000)
  from space 7168K, 99% used [0x000000078c300000,0x000000078c9fd050,0x000000078ca00000)
  to   space 10240K, 0% used [0x0000000791380000,0x0000000791380000,0x0000000791d80000)
 ParOldGen       total 70144K, used 10521K [0x0000000701000000, 0x0000000705480000, 0x0000000780580000)
  object space 70144K, 14% used [0x0000000701000000,0x0000000701a46428,0x0000000705480000)
 Metaspace       used 31000K, capacity 32642K, committed 32896K, reserved 1077248K
  class space    used 4060K, capacity 4362K, committed 4480K, reserved 1048576K
}
Event: 7.717 GC heap before
{Heap before GC invocations=9 (full 1):
 PSYoungGen      total 201216K, used 90539K [0x0000000780580000, 0x0000000791d80000, 0x00000007c0000000)
  eden space 194048K, 42% used [0x0000000780580000,0x00000007856edee8,0x000000078c300000)
  from space 7168K, 99% used [0x000000078c300000,0x000000078c9fd050,0x000000078ca00000)
  to   space 10240K, 0% used [0x0000000791380000,0x0000000791380000,0x0000000791d80000)
 ParOldGen       total 70144K, used 10521K [0x0000000701000000, 0x0000000705480000, 0x0000000780580000)
  object space 70144K, 14% used [0x0000000701000000,0x0000000701a46428,0x0000000705480000)
 Metaspace       used 33567K, capacity 35348K, committed 35416K, reserved 1079296K
  class space    used 4344K, capacity 4691K, committed 4736K, reserved 1048576K
Event: 7.731 GC heap after
Heap after GC invocations=9 (full 1):
 PSYoungGen      total 275456K, used 9007K [0x0000000780580000, 0x0000000794b80000, 0x00000007c0000000)
  eden space 265216K, 0% used [0x0000000780580000,0x0000000780580000,0x0000000790880000)
  from space 10240K, 87% used [0x0000000791380000,0x0000000791c4bd58,0x0000000791d80000)
  to   space 11264K, 0% used [0x0000000790880000,0x0000000790880000,0x0000000791380000)
 ParOldGen       total 70144K, used 10529K [0x0000000701000000, 0x0000000705480000, 0x0000000780580000)
  object space 70144K, 15% used [0x0000000701000000,0x0000000701a48428,0x0000000705480000)
 Metaspace       used 33567K, capacity 35348K, committed 35416K, reserved 1079296K
  class space    used 4344K, capacity 4691K, committed 4736K, reserved 1048576K
}
Event: 7.731 GC heap before
{Heap before GC invocations=10 (full 2):
 PSYoungGen      total 275456K, used 9007K [0x0000000780580000, 0x0000000794b80000, 0x00000007c0000000)
  eden space 265216K, 0% used [0x0000000780580000,0x0000000780580000,0x0000000790880000)
  from space 10240K, 87% used [0x0000000791380000,0x0000000791c4bd58,0x0000000791d80000)
  to   space 11264K, 0% used [0x0000000790880000,0x0000000790880000,0x0000000791380000)
 ParOldGen       total 70144K, used 10529K [0x0000000701000000, 0x0000000705480000, 0x0000000780580000)
  object space 70144K, 15% used [0x0000000701000000,0x0000000701a48428,0x0000000705480000)
 Metaspace       used 33567K, capacity 35348K, committed 35416K, reserved 1079296K
  class space    used 4344K, capacity 4691K, committed 4736K, reserved 1048576K
Event: 7.799 GC heap after
Heap after GC invocations=10 (full 2):
 PSYoungGen      total 275456K, used 0K [0x0000000780580000, 0x0000000794b80000, 0x00000007c0000000)
  eden space 265216K, 0% used [0x0000000780580000,0x0000000780580000,0x0000000790880000)
  from space 10240K, 0% used [0x0000000791380000,0x0000000791380000,0x0000000791d80000)
  to   space 11264K, 0% used [0x0000000790880000,0x0000000790880000,0x0000000791380000)
 ParOldGen       total 70144K, used 13131K [0x0000000701000000, 0x0000000705480000, 0x0000000780580000)
  object space 70144K, 18% used [0x0000000701000000,0x0000000701cd2df8,0x0000000705480000)
 Metaspace       used 33567K, capacity 35348K, committed 35416K, reserved 1079296K
  class space    used 4344K, capacity 4691K, committed 4736K, reserved 1048576K
}

Deoptimization events (10 events):
Event: 8.230 Thread 0x00000000024c5800 Uncommon trap: reason=unhandled action=none pc=0x000000000304f4f0 method=java.net.URLClassLoader.findClass(Ljava/lang/String;)Ljava/lang/Class; @ 44
Event: 8.231 Thread 0x00000000024c5800 Uncommon trap: reason=unhandled action=none pc=0x000000000304f4f0 method=java.net.URLClassLoader.findClass(Ljava/lang/String;)Ljava/lang/Class; @ 44
Event: 8.232 Thread 0x00000000024c5800 Uncommon trap: reason=unhandled action=none pc=0x000000000304f4f0 method=java.net.URLClassLoader.findClass(Ljava/lang/String;)Ljava/lang/Class; @ 44
Event: 8.233 Thread 0x00000000024c5800 Uncommon trap: reason=unhandled action=none pc=0x000000000304f4f0 method=java.net.URLClassLoader.findClass(Ljava/lang/String;)Ljava/lang/Class; @ 44
Event: 8.233 Thread 0x00000000024c5800 Uncommon trap: reason=unhandled action=none pc=0x000000000304f4f0 method=java.net.URLClassLoader.findClass(Ljava/lang/String;)Ljava/lang/Class; @ 44
Event: 8.234 Thread 0x00000000024c5800 Uncommon trap: reason=unhandled action=none pc=0x000000000304f4f0 method=java.net.URLClassLoader.findClass(Ljava/lang/String;)Ljava/lang/Class; @ 44
Event: 8.234 Thread 0x00000000024c5800 Uncommon trap: reason=unhandled action=none pc=0x000000000304f4f0 method=java.net.URLClassLoader.findClass(Ljava/lang/String;)Ljava/lang/Class; @ 44
Event: 8.234 Thread 0x00000000024c5800 Uncommon trap: reason=unhandled action=none pc=0x000000000304f4f0 method=java.net.URLClassLoader.findClass(Ljava/lang/String;)Ljava/lang/Class; @ 44
Event: 8.234 Thread 0x00000000024c5800 Uncommon trap: reason=unhandled action=none pc=0x000000000304f4f0 method=java.net.URLClassLoader.findClass(Ljava/lang/String;)Ljava/lang/Class; @ 44
Event: 8.235 Thread 0x00000000024c5800 Uncommon trap: reason=unhandled action=none pc=0x000000000304f4f0 method=java.net.URLClassLoader.findClass(Ljava/lang/String;)Ljava/lang/Class; @ 44

Internal exceptions (10 events):
Event: 7.546 Thread 0x00000000024c5800 Implicit null exception at 0x0000000002ceb625 to 0x0000000002cebbb8
Event: 7.546 Thread 0x00000000024c5800 Exception <a 'java/lang/NullPointerException'> (0x0000000784b36260) thrown at [C:\re\workspace\8-2-build-windows-amd64-cygwin\jdk8u112\7884\hotspot\src\share\vm\runtime\sharedRuntime.cpp, line 605]
Event: 7.546 Thread 0x00000000024c5800 Implicit null exception at 0x0000000002ceb625 to 0x0000000002cebbb8
Event: 7.546 Thread 0x00000000024c5800 Exception <a 'java/lang/NullPointerException'> (0x0000000784b37288) thrown at [C:\re\workspace\8-2-build-windows-amd64-cygwin\jdk8u112\7884\hotspot\src\share\vm\runtime\sharedRuntime.cpp, line 605]
Event: 7.573 Thread 0x00000000024c5800 Implicit null exception at 0x00000000028cb8d9 to 0x00000000028cbe29
Event: 7.596 Thread 0x00000000024c5800 Exception <a 'java/lang/ArrayIndexOutOfBoundsException': 191> (0x0000000784f26248) thrown at [C:\re\workspace\8-2-build-windows-amd64-cygwin\jdk8u112\7884\hotspot\src\share\vm\interpreter\interpreterRuntime.cpp, line 366]
Event: 7.609 Thread 0x00000000024c5800 Exception <a 'java/lang/ArrayIndexOutOfBoundsException': 56> (0x0000000784f7aa38) thrown at [C:\re\workspace\8-2-build-windows-amd64-cygwin\jdk8u112\7884\hotspot\src\share\vm\interpreter\interpreterRuntime.cpp, line 366]
Event: 7.613 Thread 0x00000000024c5800 Exception <a 'java/lang/ArrayIndexOutOfBoundsException': 139> (0x0000000784f8c180) thrown at [C:\re\workspace\8-2-build-windows-amd64-cygwin\jdk8u112\7884\hotspot\src\share\vm\interpreter\interpreterRuntime.cpp, line 366]
Event: 7.614 Thread 0x00000000024c5800 Exception <a 'java/lang/ArrayIndexOutOfBoundsException': 38> (0x0000000784f935b0) thrown at [C:\re\workspace\8-2-build-windows-amd64-cygwin\jdk8u112\7884\hotspot\src\share\vm\interpreter\interpreterRuntime.cpp, line 366]
Event: 7.629 Thread 0x00000000024c5800 Exception <a 'java/lang/ArrayIndexOutOfBoundsException': 35> (0x000000078500aab0) thrown at [C:\re\workspace\8-2-build-windows-amd64-cygwin\jdk8u112\7884\hotspot\src\share\vm\interpreter\interpreterRuntime.cpp, line 366]

Events (10 events):
Event: 8.234 Thread 0x00000000024c5800 DEOPT UNPACKING pc=0x000000000260582a sp=0x00000000023480c8 mode 2
Event: 8.234 loading class net/bytebuddy/matcher/MethodSortMatcher$Sort$5
Event: 8.234 loading class net/bytebuddy/matcher/MethodSortMatcher$Sort$5 done
Event: 8.234 Thread 0x00000000024c5800 Uncommon trap: trap_request=0xffffffa7 fr.pc=0x000000000304f4f0
Event: 8.234 Thread 0x00000000024c5800 DEOPT PACKING pc=0x000000000304f4f0 sp=0x00000000023481d0
Event: 8.234 Thread 0x00000000024c5800 DEOPT UNPACKING pc=0x000000000260582a sp=0x00000000023480c8 mode 2
Event: 8.235 loading class net/bytebuddy/matcher/NegatingMatcher
Event: 8.235 loading class net/bytebuddy/matcher/NegatingMatcher done
Event: 8.235 Thread 0x00000000024c5800 Uncommon trap: trap_request=0xffffffa7 fr.pc=0x000000000304f4f0
Event: 8.235 Thread 0x00000000024c5800 DEOPT PACKING pc=0x000000000304f4f0 sp=0x0000000002348f50


Dynamic libraries:
0x00007ff73e250000 - 0x00007ff73e287000 	C:\Program Files\Java\jre1.8.0_112\bin\javaw.exe
0x00007fffce990000 - 0x00007fffceb52000 	C:\Windows\SYSTEM32\ntdll.dll
0x00007fffcda90000 - 0x00007fffcdb3d000 	C:\Windows\system32\KERNEL32.DLL
0x00007fffad340000 - 0x00007fffad354000 	C:\Program Files\AVAST Software\Avast\aswhook.dll
0x00007fffcbe80000 - 0x00007fffcc05d000 	C:\Windows\system32\KERNELBASE.dll
0x00007fffce4e0000 - 0x00007fffce586000 	C:\Windows\system32\ADVAPI32.dll
0x00007fffcd800000 - 0x00007fffcd89d000 	C:\Windows\system32\msvcrt.dll
0x00007fffcd590000 - 0x00007fffcd5eb000 	C:\Windows\system32\sechost.dll
0x00007fffcdea0000 - 0x00007fffcdfc6000 	C:\Windows\system32\RPCRT4.dll
0x00007fffce820000 - 0x00007fffce96e000 	C:\Windows\system32\USER32.dll
0x00007fffce250000 - 0x00007fffce3d5000 	C:\Windows\system32\GDI32.dll
0x00007fffabc40000 - 0x00007fffabeb4000 	C:\Windows\WinSxS\amd64_microsoft.windows.common-controls_6595b64144ccf1df_6.0.10240.16384_none_f41f7b285750ef43\COMCTL32.dll
0x00007fffcd8a0000 - 0x00007fffcd8d6000 	C:\Windows\system32\IMM32.DLL
0x00007fffce590000 - 0x00007fffce6ec000 	C:\Windows\system32\MSCTF.dll
0x000000006e0e0000 - 0x000000006e1b2000 	C:\Program Files\Java\jre1.8.0_112\bin\msvcr100.dll
0x000000006e380000 - 0x000000006ec1a000 	C:\Program Files\Java\jre1.8.0_112\bin\server\jvm.dll
0x00007fffce4d0000 - 0x00007fffce4d8000 	C:\Windows\system32\PSAPI.DLL
0x00007fffc3400000 - 0x00007fffc3409000 	C:\Windows\SYSTEM32\WSOCK32.dll
0x00007fffce3e0000 - 0x00007fffce449000 	C:\Windows\system32\WS2_32.dll
0x00007fffce980000 - 0x00007fffce988000 	C:\Windows\system32\NSI.dll
0x00007fffc9b60000 - 0x00007fffc9b83000 	C:\Windows\SYSTEM32\WINMM.dll
0x00007fffc8bf0000 - 0x00007fffc8bfa000 	C:\Windows\SYSTEM32\VERSION.dll
0x00007fffc9b30000 - 0x00007fffc9b5c000 	C:\Windows\SYSTEM32\WINMMBASE.dll
0x00007fffcb800000 - 0x00007fffcb844000 	C:\Windows\system32\cfgmgr32.dll
0x00007fffc9c90000 - 0x00007fffc9cb7000 	C:\Windows\SYSTEM32\DEVOBJ.dll
0x000000006e290000 - 0x000000006e29f000 	C:\Program Files\Java\jre1.8.0_112\bin\verify.dll
0x000000006e260000 - 0x000000006e289000 	C:\Program Files\Java\jre1.8.0_112\bin\java.dll
0x000000006e0a0000 - 0x000000006e0d5000 	C:\Program Files\Java\jre1.8.0_112\bin\jdwp.dll
0x000000006e090000 - 0x000000006e098000 	C:\Program Files\Java\jre1.8.0_112\bin\npt.dll
0x000000006e060000 - 0x000000006e083000 	C:\Program Files\Java\jre1.8.0_112\bin\instrument.dll
0x000000006e240000 - 0x000000006e256000 	C:\Program Files\Java\jre1.8.0_112\bin\zip.dll
0x00007fffcc060000 - 0x00007fffcd585000 	C:\Windows\system32\SHELL32.dll
0x00007fffcb850000 - 0x00007fffcbe78000 	C:\Windows\system32\windows.storage.dll
0x00007fffcdb40000 - 0x00007fffcddbc000 	C:\Windows\system32\combase.dll
0x00007fffcda30000 - 0x00007fffcda81000 	C:\Windows\system32\shlwapi.dll
0x00007fffcb430000 - 0x00007fffcb43f000 	C:\Windows\system32\kernel.appcore.dll
0x00007fffcb460000 - 0x00007fffcb513000 	C:\Windows\system32\shcore.dll
0x00007fffcb3e0000 - 0x00007fffcb42a000 	C:\Windows\system32\powrprof.dll
0x00007fffcb3c0000 - 0x00007fffcb3d3000 	C:\Windows\system32\profapi.dll
0x000000006e050000 - 0x000000006e059000 	C:\Program Files\Java\jre1.8.0_112\bin\dt_socket.dll
0x00007fffb0290000 - 0x00007fffb02a5000 	C:\Windows\system32\napinsp.dll
0x00007fffb0270000 - 0x00007fffb028a000 	C:\Windows\system32\pnrpnsp.dll
0x00007fffc8cd0000 - 0x00007fffc8ce8000 	C:\Windows\system32\NLAapi.dll
0x00007fffcab50000 - 0x00007fffcabad000 	C:\Windows\System32\mswsock.dll
0x00007fffca830000 - 0x00007fffca8d8000 	C:\Windows\SYSTEM32\DNSAPI.dll
0x00007fffb0260000 - 0x00007fffb026d000 	C:\Windows\System32\winrnr.dll
0x00007fffc40b0000 - 0x00007fffc4118000 	C:\Windows\System32\fwpuclnt.dll
0x00007fffcb2f0000 - 0x00007fffcb318000 	C:\Windows\SYSTEM32\bcrypt.dll
0x00007fffbec50000 - 0x00007fffbec5a000 	C:\Windows\System32\rasadhlp.dll
0x000000006e040000 - 0x000000006e04d000 	C:\Program Files\Java\jre1.8.0_112\bin\management.dll
0x000000006e220000 - 0x000000006e23a000 	C:\Program Files\Java\jre1.8.0_112\bin\net.dll
0x00007fffc89e0000 - 0x00007fffc8a18000 	C:\Windows\SYSTEM32\IPHLPAPI.DLL
0x00007fffc8b40000 - 0x00007fffc8b4b000 	C:\Windows\SYSTEM32\WINNSI.DLL
0x000000006e200000 - 0x000000006e211000 	C:\Program Files\Java\jre1.8.0_112\bin\nio.dll
0x00007fffcac10000 - 0x00007fffcac27000 	C:\Windows\SYSTEM32\CRYPTSP.dll
0x00007fffca920000 - 0x00007fffca953000 	C:\Windows\system32\rsaenh.dll
0x00007fffcabf0000 - 0x00007fffcac0f000 	C:\Windows\SYSTEM32\USERENV.dll
0x00007fffcb180000 - 0x00007fffcb1eb000 	C:\Windows\system32\bcryptprimitives.dll
0x00007fffcaf70000 - 0x00007fffcaf7b000 	C:\Windows\SYSTEM32\CRYPTBASE.dll
0x00007fffc7bd0000 - 0x00007fffc7be6000 	C:\Windows\SYSTEM32\dhcpcsvc6.DLL
0x00007fffc8930000 - 0x00007fffc894a000 	C:\Windows\SYSTEM32\dhcpcsvc.DLL

VM Arguments:
jvm_args: -agentlib:jdwp=transport=dt_socket,suspend=y,address=localhost:55255 -javaagent:E:\programes\spring-tool-suite-3.9.10.RELEASE-e4.13.0-win32-x86_64_STS\sts-bundle\sts-3.9.10.RELEASE\configuration\org.eclipse.osgi\308\0\.cp\lib\javaagent-shaded.jar -Dfile.encoding=UTF-8 
java_command: com.task.TaskApplication
java_class_path (initial): E:\spring\task\target\classes;C:\Users\NTG\.m2\repository\org\modelmapper\extensions\modelmapper-spring\2.3.0\modelmapper-spring-2.3.0.jar;C:\Users\NTG\.m2\repository\org\modelmapper\modelmapper\2.3.0\modelmapper-2.3.0.jar;C:\Users\NTG\.m2\repository\org\springframework\boot\spring-boot-starter-data-jpa\2.2.1.RELEASE\spring-boot-starter-data-jpa-2.2.1.RELEASE.jar;C:\Users\NTG\.m2\repository\org\springframework\boot\spring-boot-starter-aop\2.2.1.RELEASE\spring-boot-starter-aop-2.2.1.RELEASE.jar;C:\Users\NTG\.m2\repository\org\aspectj\aspectjweaver\1.9.4\aspectjweaver-1.9.4.jar;C:\Users\NTG\.m2\repository\org\springframework\boot\spring-boot-starter-jdbc\2.2.1.RELEASE\spring-boot-starter-jdbc-2.2.1.RELEASE.jar;C:\Users\NTG\.m2\repository\com\zaxxer\HikariCP\3.4.1\HikariCP-3.4.1.jar;C:\Users\NTG\.m2\repository\org\springframework\spring-jdbc\5.2.1.RELEASE\spring-jdbc-5.2.1.RELEASE.jar;C:\Users\NTG\.m2\repository\jakarta\activation\jakarta.activation-api\1.2.1\jakarta.activation-api-1.2.1.jar;C:\Users\NTG\.m2\repository\jakarta\persistence\jakarta.persistence-api\2.2.3\jakarta.persistence-api-2.2.3.jar;C:\Users\NTG\.m2\repository\jakarta\transaction\jakarta.transaction-api\1.3.3\jakarta.transaction-api-1.3.3.jar;C:\Users\NTG\.m2\repository\org\hibernate\hibernate-core\5.4.8.Final\hibernate-core-5.4.8.Final.jar;C:\Users\NTG\.m2\repository\org\jboss\logging\jboss-logging\3.4.1.Final\jboss-logging-3.4.1.Final.jar;C:\Users\NTG\.m2\repository\org\javassist\javassist\3.24.0-GA\javassist-3.24.0-GA.jar;C:\Users\NTG\.m2\repository\net\bytebuddy\byte-buddy\1.10.2\byte-buddy-1.10.2.jar;C:\Users\NTG\.m2\repository\antlr\antlr\2.7.7\antlr-2.7.7.jar;C:\Users\NTG\.m2\repository\org\jboss\jandex\2.0.5.Final\jandex-2.0.5.Final.jar;C:\Users\NTG\.m2\repository\com\fasterxml\classmate\1.5.1\classmate-1.5.1.jar;C:\Users\NTG\.m2\repository\org\dom4j\dom4j\2.1.1\dom4j-2.1.1.jar;C:\Users\NTG\.m2\repository\org\hibernate\common\hibernate-commons-annotations\5.1.0.Fi
Launcher Type: SUN_STANDARD

Environment Variables:
JAVA_HOME=C:\Program Files\Java\jdk1.8.0_112;C:\Program Files\Java\jdk1.8.0_112\bin;C:\Program Files\Java\jre1.8.0_112;C:\Program Files\Java\jre1.8.0_112\bin
PATH=C:/Program Files/Java/jre1.8.0_112/bin/server;C:/Program Files/Java/jre1.8.0_112/bin;C:/Program Files/Java/jre1.8.0_112/lib/amd64;E:\programes\WINDOWS.X64_193000_db_home\oracle11g\bin;C:\ProgramData\Oracle\Java\javapath;C:\Windows\system32;C:\Windows;C:\Windows\System32\Wbem;C:\Windows\System32\WindowsPowerShell\v1.0\;C:\Program Files (x86)\AMD\ATI.ACE\Core-Static;C:\Program Files\TortoiseSVN\bin;C:\Program Files\Microsoft VS Code\bin;C:\Program Files\TortoiseGit\bin;C:\Program Files\Java\jdk1.8.0_112\bin;C:\Program Files\Java\jdk1.8.0_112\lib;C:\ant\apache-ant-1.9.14-bin\apache-ant-1.9.14\bin;C:\Program Files\nodejs\;C:\Program Files\Git\cmd;C:\Program Files\MySQL\MySQL Shell 8.0\bin\;C:\Program Files\Java\jdk1.8.0_112\bin;C:\Program Files\Java\jdk1.8.0_112\lib;C:\Users\NTG\AppData\Roaming\npm;C:\Program Files\Heroku\bin;E:\programes\spring-tool-suite-3.9.10.RELEASE-e4.13.0-win32-x86_64_STS\sts-bundle\sts-3.9.10.RELEASE;
USERNAME=NTG
OS=Windows_NT
PROCESSOR_IDENTIFIER=Intel64 Family 6 Model 58 Stepping 9, GenuineIntel



---------------  S Y S T E M  ---------------

OS: Windows 10.0 , 64 bit Build 10240 (10.0.10240.16384)

CPU:total 4 (2 cores per cpu, 2 threads per core) family 6 model 58 stepping 9, cmov, cx8, fxsr, mmx, sse, sse2, sse3, ssse3, sse4.1, sse4.2, popcnt, avx, aes, clmul, erms, ht, tsc, tscinvbit, tscinv

Memory: 4k page, physical 12512824k(1330504k free), swap 25248820k(3676k free)

vm_info: Java HotSpot(TM) 64-Bit Server VM (25.112-b15) for windows-amd64 JRE (1.8.0_112-b15), built on Sep 22 2016 21:31:56 by "java_re" with MS VC++ 10.0 (VS2010)

time: Tue Dec 03 01:10:52 2019
elapsed time: 8 seconds (0d 0h 0m 8s)

